[2026-02-19 03:00:01] ═══ Nightly Update gestartet ═══
[2026-02-19 03:00:01] ▶ Bar Events (scrape_bar_events.js)...
[2026-02-19T03:00:01.912Z] Starting bar event scrape...
  Scraping Aalhaus (https://aalhaus.de)...
  → 2 events found
  Scraping Molotow (https://www.molotowclub.com/programm/)...
  → 136 events found
  Scraping Nochtspeicher (https://nochtspeicher.de/)...
  → 7 events found
  Scraping Gruenspan (https://www.gruenspan.de/programm/)...
[2026-02-19 03:00:05] ERROR: Already running (PID 359509)
[2026-02-19 03:00:05] ✅ Bar Events fertig
[2026-02-19 03:00:05] ▶ Hamburg Sources (scrape_hamburg_sources.js)...
🔍 Scraping new Hamburg event sources...

📡 Scraping meetup.com...
   Found 3 relevant events
📡 Scraping prinz.de...
   Found 0 relevant events

✅ Total: 3 unique bar/nightlife/networking events
💾 Saved to /home/openclaw/.openclaw/workspace/barfinder/hamburg_new_events_cache.json
  • [meetup.com] 2026-02-19 6:30 PM — Language Exchange Night 🇬🇧🇩🇪🇪🇸 @ Neue Leute kennenlernen / Meet New People (social)
  • [meetup.com] 2026-03-04 6:00 PM — Rust Hack & Learn March 2026 @ Rust Meetup Hamburg (networking)
  • [meetup.com] 2026-03-10 9:30 AM — Bee for Breakfast im Beehive Hamburg City @ Beehive Networking Meetup Hamburg (networking)
[2026-02-19 03:00:16] ✅ Hamburg Sources fertig
[2026-02-19 03:00:16] ▶ Hamburg Events (scrape_hamburg_events.js)...
🎉 Hamburg Events Scraper
========================


🔍 Scraping: szene-hamburg-bars
  URL: https://www.szene-hamburg.de/thema/bar/
  Status: 200
  HTML size: 85.8 KB
  Found 7 items
  Sample: "Feiern unter freiem Himmel: 10 Open-Air-Locations in Hamburg"

🔍 Scraping: szene-hamburg-nachtleben
  URL: https://www.szene-hamburg.de/thema/nachtleben/
  Status: 200
  HTML size: 111.9 KB
  Found 19 items
  Sample: "Kultur in Hamburg: Live ist hart"

🔍 Scraping: hamburg-de-veranstaltungen
  URL: https://www.hamburg.de/veranstaltungen/
  Status: 200
  HTML size: 229.7 KB
  Found 8 items
  Sample: "Erlebnisse in der Hansestadt"

🔍 Scraping: hamburg-de-nightlife
  URL: https://www.szene-hamburg.de/thema/club/
  Status: 200
  HTML size: 112.2 KB
  Found 19 items
  Sample: "Feiern unter freiem Himmel: 10 Open-Air-Locations in Hamburg"

✅ Results saved to /home/openclaw/.openclaw/workspace/barfinder/hamburg_events_cache.json

📊 Summary:
  szene-hamburg-bars: 7 items ✓
  szene-hamburg-nachtleben: 19 items ✓
  hamburg-de-veranstaltungen: 8 items ✓
  hamburg-de-nightlife: 19 items ✓
[2026-02-19 03:00:30] ✅ Hamburg Events fertig
[2026-02-19 03:00:30] ▶ Events Pipeline (scrape_events_pipeline.js)...
🔄 Event Pipeline Scraper starting...
   2026-02-19T03:00:30.252Z

  ✅ Abendblatt: 100 items, 82 relevant
  ✅ Google News "hamburg+bar+after+work": 29 items
  ✅ Google News "hamburg+veranstaltung+networking": 31 items
  ✅ Hamburg Tourism: 33 relevant events
  ✅ Google News "hamburg+after+work+event": 51 items
  ✅ Google News "hamburg+wine+tasting+bar": 27 items
  ✅ Meetup cache: 3 events merged

📊 Total raw: 247
📊 After dedup: 216

✅ Saved 216 events to /home/openclaw/.openclaw/workspace/barfinder/events_pipeline_cache.json
[2026-02-19 03:00:31] ✅ Events Pipeline fertig
[2026-02-19 03:00:31] ▶ Eventbrite Hamburg (scrape_eventbrite.js)...
🎫 Eventbrite Scraper starting...
   2026-02-19T03:00:32.344Z
  🔍 Scraping: afterwork → https://smry.ai/proxy?url=https%3A%2F%2Fwww.eventbrite.de%2Fd%2Fgermany--hamburg%2Fafter-work%2F
  ❌ afterwork: page.goto: Timeout 30000ms exceeded.
Call log:
  - navigating to "https://smry.ai/proxy?url=https%3A%2F%2Fwww.eventbrite.de%2Fd%2Fgermany--hamburg%2Fafter-work%2F", waiting until "domcontentloaded"

  🔍 Scraping: networking → https://smry.ai/proxy?url=https%3A%2F%2Fwww.eventbrite.de%2Fd%2Fgermany--hamburg%2Fnetworking%2F
  ❌ networking: page.goto: Timeout 30000ms exceeded.
Call log:
  - navigating to "https://smry.ai/proxy?url=https%3A%2F%2Fwww.eventbrite.de%2Fd%2Fgermany--hamburg%2Fnetworking%2F", waiting until "domcontentloaded"

  ❌ networking failed: browserContext.close: Target page, context or browser has been closed
  🔍 Scraping: tasting → https://smry.ai/proxy?url=https%3A%2F%2Fwww.eventbrite.de%2Fd%2Fgermany--hamburg%2Fwine-tasting%2F
  ❌ tasting failed: browser.newContext: Target page, context or browser has been closed
  🔍 Scraping: social → https://smry.ai/proxy?url=https%3A%2F%2Fwww.eventbrite.de%2Fd%2Fgermany--hamburg%2Fsocial%2F
  ❌ social failed: browser.newContext: Target page, context or browser has been closed
  🔍 Scraping: startup → https://smry.ai/proxy?url=https%3A%2F%2Fwww.eventbrite.de%2Fd%2Fgermany--hamburg%2Fstartup%2F
  ❌ startup failed: browser.newContext: Target page, context or browser has been closed

🎫 Eventbrite: 0 events saved to /home/openclaw/.openclaw/workspace/barfinder/eventbrite_events_cache.json
[2026-02-19 03:06:11] ERROR: Eventbrite Hamburg fehlgeschlagen (exit 124)
[2026-02-19 03:06:11] ▶ Ecosystem Events (scrape_ecosystem_events.js)...
🔍 Scraping Hamburg ecosystem events...

nextMedia.Hamburg: 7 events
ARIC Hamburg: 29 events
Kreativ Gesellschaft: 8 events

✅ Total unique future events: 38

💾 Saved to /home/openclaw/.openclaw/workspace/barfinder/ecosystem_events_cache.json
  📅 2026-02-19 | techtalk     | ARIC Brown Bag Session: Wie KI die Softwareentwicklung verän [aric]
  📅 2026-02-19 | startup      | ARIC-Tipp | Digitale Info-Session: Scaleup Hamburg 2026 [aric]
  📅 2026-02-20 | startup      | build fridays - work on your startup alongside other founder [nextmedia]
  📅 2026-02-24 | meetup       | ARIC-Tipp | Förderfrühstück Green Industry and Circular Econ [aric]
  📅 2026-02-24 | meetup       | AI Mix & Mingle in February| KI-Stammtisch im Februar [aric]
  📅 2026-02-25 | startup      | ARIC-Tipp | Innovation Days at ZAL TechCenter [aric]
  📅 2026-02-26 | meetup       | ARIC-Tipp | AIM Leaders Meet-up [aric]
  📅 2026-02-26 | techtalk     | ARIC Brown Bag Session: KI-Agenten – Überblick, Chancen & Ri [aric]
  📅 2026-02-26 | startup      | Öffentliche Finanzierung: Von der Strategie zur erfolgreiche [aric]
  📅 2026-02-26 | networking   | Fragestunde - kompakte Beratung für Kreative [kreativgesellschaft]
  📅 2026-03-03 | networking   | Audiencers' Festival [nextmedia]
  📅 2026-03-03 | techtalk     | ARIC Brown Bag Session: AI & Digital Methods for Smart Mobil [aric]
  📅 2026-03-05 | meetup       | ARIC Brown Bag Session: Innovationsland Deutschland [aric]
  📅 2026-03-05 | networking   | Fragestunde - kompakte Beratung für Kreative (online) [kreativgesellschaft]
  📅 2026-03-07 | networking   | ARIC-Tipp | AgentCamp – Hamburg [aric]
  📅 2026-03-10 | techtalk     | ARIC Brown Bag Session: Souveränität: Vom Buzzword zur Daten [aric]
  📅 2026-03-12 | techtalk     | ARIC Brown Bag Session:  AI Adoption Best Practices for KMU/ [aric]
  📅 2026-03-18 | techtalk     | Zeitlos ungerecht | Präsenz-Vortrag von Teresa Bücker [nextmedia]
  📅 2026-03-19 | meetup       | ARIC Brown Bag Session: Nachhaltig wirtschaften mit KI [aric]
  📅 2026-03-26 | networking   | Festival [nextmedia]
  📅 2026-03-26 | meetup       | ARIC Brown Bag Session: Hire or Fire: Wer bleibt in der KI-Ä [aric]
  📅 2026-03-30 | networking   | Perfektion war gestern. Stärken stärken ist heute! [nextmedia]
  📅 2026-04-14 | techtalk     | ARIC Brown Bag: Balancing edge autonomy and cloud intelligen [aric]
  📅 2026-04-18 | meetup       | Hackathon für Frauen [aric]
  📅 2026-04-18 | meetup       | WoHa! | Women's Hackathon 2026 [aric]
  📅 2026-04-28 | meetup       | AI Mix & Mingle in April| KI-Stammtisch im April [aric]
  📅 2026-05-19 | meetup       | AI Mix & Mingle Women's Edition [aric]
  📅 2026-05-26 | meetup       | AI Mix & Mingle in May| KI-Stammtisch im Mai [aric]
  📅 2026-06-18 | pitch        | ARIC-Tipp | Transfer Workshop: ErUM-Scientists & Industry in [aric]
  📅 2026-06-22 | meetup       | ARIC-Tipp | ISC High Performance 2026 [aric]
  📅 2026-06-22 | networking   | FAZ Konferenz für Künstliche Intelligenz [aric]
  📅 2026-06-26 | networking   | Portside Game Assembly 2026 [kreativgesellschaft]
  📅 2026-06-30 | meetup       | AI Mix & Mingle in June| KI-Stammtisch im Juni [aric]
  📅 2026-09-08 | networking   | KI-Summit 2026 [aric]
  📅 2026-09-09 | networking   | scoopcamp [nextmedia]
  📅 2026-09-29 | meetup       | AI Mix & Mingle in September| KI-Stammtisch im September [aric]
  📅 2026-11-12 | networking   | AI Media Leaders [nextmedia]
  📅 2026-11-24 | meetup       | AI Mix & Mingle in November| KI-Stammtisch im November [aric]
[2026-02-19 03:06:14] ✅ Ecosystem Events fertig
[2026-02-19 03:06:14] ▶ Yelp Reviews (scrape_yelp_reviews.js)...
🍻 Yelp Reviews Scraper starting...

  📡 Fetching: Bars in Hamburg...
[2026-02-19 03:06:20] ERROR: Already running (PID 359509)
[2026-02-19 03:06:28] ═══ Nightly Update gestartet ═══
[2026-02-19 03:06:28] ▶ Bar Events (scrape_bar_events.js)...
[2026-02-19T03:06:28.271Z] Starting bar event scrape...
  Scraping Aalhaus (https://aalhaus.de)...
  → 2 events found
  Scraping Molotow (https://www.molotowclub.com/programm/)...
    → Page 1: 9 bars found
  📡 Fetching page 2: Bars...
  → 136 events found
  Scraping Nochtspeicher (https://nochtspeicher.de/)...
  → 7 events found
  Scraping Gruenspan (https://www.gruenspan.de/programm/)...
  → 20 events found
  Scraping Fabrik (https://www.fabrik.de/programm/)...
  → 114 events found
  Scraping Knust (https://www.knusthamburg.de/programm/)...
  → 6 events found
  Scraping Hafenklang (https://www.hafenklang.com/)...
  → 5 events found
  Scraping Logo (https://www.logo-hamburg.de/programm/)...
  → 0 events found
  Scraping Uebel & Gefährlich (https://www.uebelundgefaehrlich.com/programm/)...
  → 0 events found
  Scraping Fundbureau (https://fundbureau.de/)...
  → 0 events found
  Scraping Stage Club (https://www.stageclub.de/programm/)...
  → 0 events found
Saved 290 events to /home/openclaw/.openclaw/workspace/barfinder/bar_events_cache.json
Done: 2026-02-27 DJ Nicolaye<br>Sa. 7.3.: Martha</p>
  2026-03-05 <a href="https://www.facebook.com/events/25456512560711567">Bube, Dame, König, Aal &#8211; Das 135. Aalhaus Doppelkopf-Turnier</a></p>
  2026-03-19 ... Geistershow" id="media2" rel="lightbox">
  2026-12-30 15 UHR vorm MOLOTOW
  2026-02-19 :&nbsp;DAS&nbsp;AUS&nbsp;DER&nbsp;JUGEND&nbsp;+&nbsp;SCHEITERN.DREITAUSEND&nbsp;
  2026-02-19 :&nbsp;DAS&nbsp;AUS&nbsp;DER&nbsp;JUGEND&nbsp;+&nbsp;SCHEITERN.DREITAUSEND&nbsp;
  2026-02-20 :&nbsp;DON'T&nbsp;STOP&nbsp;ME&nbsp;NOW&nbsp;-&nbsp;TONIGHT&nbsp;WITH&nbsp;STRAN
  2026-02-20 :&nbsp;DON'T&nbsp;STOP&nbsp;ME&nbsp;NOW&nbsp;-&nbsp;TONIGHT&nbsp;WITH&nbsp;STRAN
  2026-02-21 :&nbsp;HINTERLANDGANG&nbsp;-&nbsp;Ausverkauft!
  2026-02-21 :&nbsp;DEPRI&nbsp;DISKO&nbsp;-&nbsp;Melancholische&nbsp;Tanzmusik" loading='lazy
  2026-02-26 :&nbsp;PUB&nbsp;QUIZ&nbsp;-&nbsp;Kategorisch&nbsp;Fragwürdig&nbsp;-&nbsp;TOP&nbs
  2026-02-26 :&nbsp;PUB&nbsp;QUIZ&nbsp;-&nbsp;Kategorisch&nbsp;Fragwürdig&nbsp;-&nbsp;TOP&nbs
  2026-02-27 :&nbsp;TOP&nbsp;TEN&nbsp;BAR" loading='lazy' rel="lightbox">
  2026-02-27 :&nbsp;WE&nbsp;WERE&nbsp;TEENAGE&nbsp;FLASHDANCERS" loading='lazy' rel="lightbox
  2026-02-27 :&nbsp;WE&nbsp;WERE&nbsp;TEENAGE&nbsp;FLASHDANCERS" id="media2" rel="lightbox">
  2026-02-28 :&nbsp;ENTDECK&nbsp;THE&nbsp;DRECK" loading='lazy' rel="lightbox">
  2026-02-28 :&nbsp;ENTDECK&nbsp;THE&nbsp;DRECK" id="media2" rel="lightbox">
  2026-02-28 :&nbsp;VJ&nbsp;WASTED&nbsp;-&nbsp;VIDEOS&nbsp;GALORE&nbsp;–&nbsp;TOP&nbsp;TEN&nb
  2026-03-01 :&nbsp;RAR
  2026-03-01 :&nbsp;RAR
  2026-03-03 :&nbsp;MOTHER´S&nbsp;CAKE&nbsp;&amp;&nbsp;THE&nbsp;TAZERS
  2026-03-03 :&nbsp;MOTHER´S&nbsp;CAKE&nbsp;&amp;&nbsp;THE&nbsp;TAZERS
  2026-03-05 :&nbsp;TOP&nbsp;TEN&nbsp;BAR" loading='lazy' rel="lightbox">
  2026-03-06 :&nbsp;EADES&nbsp;-&nbsp;Abgesagt!" loading='lazy' rel="lightbox">
  2026-03-06 :&nbsp;EADES&nbsp;-&nbsp;Abgesagt!" id="media2" rel="lightbox">
  2026-03-06 :&nbsp;TOP&nbsp;TEN&nbsp;BAR" loading='lazy' rel="lightbox">
  2026-03-06 :&nbsp;MOTORBOOTY!
  2026-03-07 :&nbsp;NILS&nbsp;KEPPEL" loading='lazy' rel="lightbox">
  2026-03-07 :&nbsp;DON'T&nbsp;YOU&nbsp;WANT&nbsp;ME&nbsp;-&nbsp;80s&nbsp;Party" id="media2"
  2026-03-07 :&nbsp;BLACK&nbsp;FOXXES" loading='lazy' rel="lightbox">
  2026-03-07 :&nbsp;BLACK&nbsp;FOXXES" id="media2" rel="lightbox">
  2026-03-08 :&nbsp;PIYA" loading='lazy' rel="lightbox">
  2026-03-08 :&nbsp;PIYA" id="media2" rel="lightbox">
  2026-03-09 :&nbsp;FALSE&nbsp;LEFTY" loading='lazy' rel="lightbox">
  2026-03-10 :&nbsp;DREAM&nbsp;NAILS" id="media2" rel="lightbox">
  2026-03-12 :&nbsp;THE&nbsp;HAUNT
  2026-03-12 :&nbsp;THE&nbsp;HAUNT
  2026-03-13 :&nbsp;UNSANE
  2026-03-13 :&nbsp;UNSANE
  2026-03-13 :&nbsp;ALCOHOLIC&nbsp;FAITH&nbsp;MISSION" loading='lazy' rel="lightbox">
  2026-03-14 :&nbsp;DAS&nbsp;QUIZ&nbsp;IM&nbsp;EXIL" loading='lazy' rel="lightbox">
  2026-03-14 :&nbsp;DAS&nbsp;QUIZ&nbsp;IM&nbsp;EXIL" id="media2" rel="lightbox">
  2026-03-14 :&nbsp;DEPRI&nbsp;DISKO&nbsp;-&nbsp;Melancholische&nbsp;Tanzmusik" loading='lazy
  2026-03-14 :&nbsp;PVA
  2026-03-15 :&nbsp;ISE
  2026-03-15 :&nbsp;ISE
  2026-03-17 :&nbsp;TRAMHAUS
  2026-03-18 :&nbsp;SPYRES&nbsp;-&nbsp;ACHTUNG:&nbsp;Show&nbsp;wurde&nbsp;verlegt&nbsp;auf&nb
  2026-03-18 :&nbsp;PUB&nbsp;QUIZ&nbsp;-&nbsp;Kategorisch&nbsp;Fragwürdig" id="media2" rel="l
  2026-03-19 :&nbsp;ZECK" loading='lazy' rel="lightbox">
  2026-03-19 :&nbsp;ZECK" id="media2" rel="lightbox">
  2026-03-19 :&nbsp;SPYRES
  2026-03-20 :&nbsp;BRIGITTE&nbsp;CALLS&nbsp;ME&nbsp;BABY" id="media2" rel="lightbox">
  2026-03-20 :&nbsp;TOP&nbsp;TEN&nbsp;BAR" loading='lazy' rel="lightbox">
  2026-03-20 :&nbsp;MOTORBOOTY!
  2026-03-21 :&nbsp;THE&nbsp;TERRYS" loading='lazy' rel="lightbox">
  2026-03-21 :&nbsp;THE&nbsp;TERRYS" id="media2" rel="lightbox">
  2026-03-21 :&nbsp;MR.&nbsp;BRIGHTSIDE" loading='lazy' rel="lightbox">
  2026-03-21 :&nbsp;SHATTEN" loading='lazy' rel="lightbox">
  2026-03-23 :&nbsp;FRITZI&nbsp;ERNST
  2026-03-24 :&nbsp;PALES
  2026-03-24 :&nbsp;PALES
  2026-03-25 :&nbsp;HINNERK&nbsp;KÖHN&nbsp;@&nbsp;MOLOTOW" loading='lazy' rel="lightbox">
  2026-03-26 :&nbsp;SIOVO" loading='lazy' rel="lightbox">
  2026-03-26 :&nbsp;SIOVO" id="media2" rel="lightbox">
  2026-03-27 :&nbsp;TOP&nbsp;TEN&nbsp;BAR" loading='lazy' rel="lightbox">
  2026-03-27 :&nbsp;DON'T&nbsp;STOP&nbsp;ME&nbsp;NOW&nbsp;-&nbsp;From&nbsp;60s&nbsp;to&nbsp;9
  2026-03-28 :&nbsp;DEADLETTER" loading='lazy' rel="lightbox">
  2026-03-28 :&nbsp;ENTDECK&nbsp;THE&nbsp;DRECK" loading='lazy' rel="lightbox">
  2026-03-28 :&nbsp;ENTDECK&nbsp;THE&nbsp;DRECK" id="media2" rel="lightbox">
  2026-03-28 :&nbsp;SLOE&nbsp;NOON" loading='lazy' rel="lightbox">
  2026-04-04 :&nbsp;NOVA&nbsp;TWINS
  2026-04-04 :&nbsp;NOVA&nbsp;TWINS
  2026-04-08 :&nbsp;LIN" loading='lazy' rel="lightbox">
  2026-04-08 :&nbsp;LIN" id="media2" rel="lightbox">
  2026-04-08 :&nbsp;DIE&nbsp;SAUNA" loading='lazy' rel="lightbox">
  2026-04-10 :&nbsp;THE&nbsp;HAUNTED&nbsp;YOUTH
  2026-04-11 :&nbsp;JULIA&nbsp;EFFEKT" loading='lazy' rel="lightbox">
  2026-04-11 :&nbsp;JULIA&nbsp;EFFEKT" id="media2" rel="lightbox">
  2026-04-12 :&nbsp;RIKAS&nbsp;-&nbsp;Ausverkauft!" loading='lazy' rel="lightbox">
  2026-04-12 :&nbsp;RIKAS&nbsp;-&nbsp;Ausverkauft!" id="media2" rel="lightbox">
  2026-04-15 :&nbsp;KEO
  2026-04-15 :&nbsp;KEO
  2026-04-16 :&nbsp;VALENTINO&nbsp;VIVACE" loading='lazy' rel="lightbox">
  2026-04-17 :&nbsp;CHRISTIN&nbsp;NICHOLS&nbsp;-&nbsp;KONZERT&nbsp;VERSCHOBEN&nbsp;AUF&nbsp;D
  2026-06-06 !" loading='lazy' rel="lightbox">
  2026-04-17 :&nbsp;HIGGS&nbsp;CHICKS&nbsp;+&nbsp;WE&nbsp;SMILE" loading='lazy' rel="lightbox
  2026-04-17 :&nbsp;HIGGS&nbsp;CHICKS&nbsp;+&nbsp;WE&nbsp;SMILE" id="media2" rel="lightbox">
  2026-04-19 :&nbsp;ANDA&nbsp;MORTS&nbsp;-&nbsp;Ausverkauft" loading='lazy' rel="lightbox">
  2026-04-20 :&nbsp;ANDA&nbsp;MORTS" loading='lazy' rel="lightbox">
  2026-04-21 :&nbsp;WINTERSLEEP" loading='lazy' rel="lightbox">
  2026-04-22 :&nbsp;THE&nbsp;VIRGINMARYS" loading='lazy' rel="lightbox">
  2026-04-24 :&nbsp;GARAGEVILLE&nbsp;-&nbsp;THE&nbsp;WEEKEND&nbsp;-&nbsp;2026&nbsp;&nbsp;The&
  2026-04-24 :&nbsp;GARAGEVILLE&nbsp;-&nbsp;THE&nbsp;WEEKEND&nbsp;-&nbsp;2026&nbsp;&nbsp;The&
  2026-04-24 :&nbsp;ASTRAL&nbsp;BAKERS" loading='lazy' rel="lightbox">
  2026-04-25 :&nbsp;GARAGEVILLE&nbsp;-&nbsp;THE&nbsp;WEEKEND&nbsp;-&nbsp;2026&nbsp;Sux&nbsp;S
  2026-04-25 :&nbsp;GARAGEVILLE&nbsp;-&nbsp;THE&nbsp;WEEKEND&nbsp;-&nbsp;2026&nbsp;Sux&nbsp;S
  2026-04-25 :&nbsp;PHILIPPA&nbsp;KINSKY" id="media2" rel="lightbox">
  2026-04-26 :&nbsp;BRATAKUS" loading='lazy' rel="lightbox">
  2026-04-26 :&nbsp;BRATAKUS" id="media2" rel="lightbox">
  2026-04-28 :&nbsp;THE&nbsp;SOPHS" loading='lazy' rel="lightbox">
  2026-04-28 :&nbsp;THE&nbsp;SOPHS" id="media2" rel="lightbox">
  2026-04-30 :&nbsp;L.A.&nbsp;SALAMI&nbsp;-&nbsp;Nachholtermin,&nbsp;Tickets&nbsp;vom&nbsp;31
  2026-04-30 :&nbsp;L.A.&nbsp;SALAMI&nbsp;-&nbsp;Nachholtermin,&nbsp;Tickets&nbsp;vom&nbsp;31
  2026-04-30 :&nbsp;ARCHERS
  2026-04-30 :&nbsp;ARCHERS
  2026-05-08 :&nbsp;LETTERS&nbsp;SENT&nbsp;HOME
  2026-05-08 :&nbsp;LETTERS&nbsp;SENT&nbsp;HOME
  2026-05-13 :&nbsp;HIGH&nbsp;DESERT&nbsp;QUEEN" loading='lazy' rel="lightbox">
  2026-05-15 :&nbsp;TRUSTFUNDBABES
  2026-05-16 :&nbsp;DÖLL" loading='lazy' rel="lightbox">
  2026-05-19 :&nbsp;THE&nbsp;RIONS" loading='lazy' rel="lightbox">
  2026-05-19 :&nbsp;THE&nbsp;RIONS" id="media2" rel="lightbox">
  2026-05-24 :&nbsp;JOHN&nbsp;5" loading='lazy' rel="lightbox">
  2026-05-24 :&nbsp;JOHN&nbsp;5" id="media2" rel="lightbox">
  2026-05-26 :&nbsp;WREST
  2026-05-27 :&nbsp;HINNERK&nbsp;KÖHN&nbsp;@&nbsp;MOLOTOW" id="media2" rel="lightbox">
  2026-05-29 :&nbsp;KLANGKOSMOS&nbsp;FESTIVAL" loading='lazy' rel="lightbox">
  2026-06-06 :&nbsp;CHRISTIN&nbsp;NICHOLS" loading='lazy' rel="lightbox">
  2026-06-12 :&nbsp;JORDANA" loading='lazy' rel="lightbox">
  2026-06-12 :&nbsp;JORDANA" id="media2" rel="lightbox">
  2026-07-22 :&nbsp;SORRY&nbsp;ABOUT&nbsp;YOUR&nbsp;DAUGHTER
  2026-07-30 :&nbsp;WELTTURBOJUGENDTAGE&nbsp;XX&nbsp;-&nbsp;Ausverkauft!
  2026-07-30 :&nbsp;WELTTURBOJUGENDTAGE&nbsp;XX&nbsp;-&nbsp;Ausverkauft!
  2026-08-01 :&nbsp;WELTTURBOJUGENDTAGE&nbsp;XX&nbsp;-&nbsp;Ausverkauft!
  2026-08-01 :&nbsp;WELTTURBOJUGENDTAGE&nbsp;XX&nbsp;-&nbsp;Ausverkauft!
  2026-10-03 :&nbsp;ALEX&nbsp;MOFA&nbsp;GANG" loading='lazy' rel="lightbox">
  2026-10-24 :&nbsp;MICHEL&nbsp;VON&nbsp;WUSSOW" loading='lazy' rel="lightbox">
  2026-11-01 :&nbsp;SECHSER" loading='lazy' rel="lightbox">
  2026-11-07 :&nbsp;JACK&nbsp;AND&nbsp;THE&nbsp;WEATHERMAN" loading='lazy' rel="lightbox">
  2026-02-19 DAS AUS DER JUGEND + SCHEITERN.DREITAUSEND + SCHLUMA  '/>
  2026-02-21 HINTERLANDGANG - Ausverkauft!
  2026-03-03 MOTHER´S CAKE & THE TAZERS
  2026-03-06 EADES - Abgesagt!  '/>
  2026-03-07 NILS KEPPEL  '/>
  2026-03-07 BLACK FOXXES  '/>
  2026-03-08 PIYA  '/>
  2026-03-09 FALSE LEFTY  '/>
  2026-08-01 7" rel="stylesheet">
  2033-05-04 " rel="preload" as="style" onload="this.onload=null;this.rel='stylesheet'">
  2033-05-04 " rel="stylesheet">
  2026-03-05 8" type="module">
  2026-02-26 lädt die Opferhilfe Hamburg von 19:30-21:00 Uhr zum Bild-Text-Slam „Die letzte R
  2026-10-17 ab 10 Uhr!
  2026-04-01 4/jquery.min.js",main)}else{main()}
  2026-05-06 5' media='all' />
  2026-05-06 5' media='all' />
  2026-09-06 1' media='all' />
  2026-09-06 1' media='all' />
  2026-07-03 1" id="jquery-core-js">
  2026-04-03 1" id="jquery-migrate-js">
  2026-03-02 6" id="borlabs-cookie-prioritize-js">
  2026-09-06 1" />
  2026-03-20 (ausverkauft)
  2026-05-06 5" id="mec-select2-script-js">
  2026-05-06 5" id="mec-lity-script-js">
  2026-05-06 5" id="mec-colorbrightness-script-js">
  2026-05-06 5" id="mec-owl-carousel-script-js">
  2026-04-08 5" id="swiper-js">
  2026-03-02 6" id="borlabs-cookie-js">
  2026-02-23 ), München (27.2.), Berlin (4.3.) und Hamburg (5.3.). Als Special Guest wird die
  2026-03-06 und bildet das emotionale Zentrum: zwei Perspektiven, zwei Stimmen, ein gemeinsa
  2026-04-29 sind bereits erhältlich &lt;a href=&quot;https://www.gruenspan.de/konzerte/sing-
  2026-03-20 (ausverkauft)",
  2026-08-17 3/lazyload.min.js">
  2026-09-01 jpg?w=1200" />
  2026-03-06 ) im Gep\u00e4ck f\u00fcr zwei exklusive Clubshows nach Hamburg und K\u00f6ln.\u
  2026-09-01 jpg?w=460&h=350&zx=2805&zy=2345&ti=1770904014&code=002fa2bdafbd06bd6cceceb6047c3
  2026-09-01 jpg?w=920&h=700&zx=2805&zy=2345&ti=1770904014&code=f5bf0c0e092e4c74622a4f508356e
  2026-09-01 jpg?w=600&h=480&zx=2805&zy=2345&ti=1770904014&code=1ad144314f107536d68f88e805ad4
  2026-09-01 jpg?w=1200&h=960&zx=2805&zy=2345&ti=1770904014&code=a42d854820cf86a5f6b201d73c9c
  2026-09-01 jpg?w=350&h=266&zx=2805&zy=2345&ti=1770904014&code=c7e7fe014e7a4a58cb6b7feacc42f
  2026-09-01 jpg?w=700&h=532&zx=2805&zy=2345&ti=1770904014&code=cf0ecb79a8e21e08ed0ec46733242
  2026-09-01 jpg?w=820&h=420&zx=2805&zy=2345&ti=1770904014&code=e524bf008cb3c366ffb923ec46a10
  2026-09-01 jpg?w=350&h=266&zx=2805&zy=2345&ti=1770904014&code=c7e7fe014e7a4a58cb6b7feacc42f
  2026-09-01 jpg?w=700&h=532&zx=2805&zy=2345&ti=1770904014&code=cf0ecb79a8e21e08ed0ec46733242
  2026-09-01 jpg","description":"XZIBIT \u2013 Kingmaker Tour 2026\r\nHip-Hop-Legende XZIBIT
  2073-12-01 1.381 1.245-1.381h3.678V.64L10.057.625c-4.834 0-5.75 3.673-5.75 6.025v2.68H.616v
  2026-04-03 1.min.js")
  2026-02-19 Madison Cunningham The Ace Tour
  2026-02-20 Angelo Kelly Ready to Rock
  2026-02-21 ClashGames #EIERKOPF-Show
  2026-02-23 Kensington Europe Tour 2026
  2026-02-24 Reisen Reisen - der Podcast Live 2026
  2026-02-27 Carnaval  Baile da Bossa
  2026-02-28 31. Hamburger Blues Celebration
  2026-03-03 Hot Mulligan Plus Special Guests
  2026-03-05 The Paper Kites If you go there, I hope you find it
  2026-03-06 Keith Caputo Died Laughing Tour
  2026-03-07 La Dispute No one was driving the car
  2026-03-08 Thrice
  2026-03-13 Marc Broussard
  2026-03-14 Irish Heartbeat Let\u00b4s Celebrate St. Patrick\u00b4s Day
  2026-03-15 Randale
  2026-03-18 The Divine Comedy European Tour 2026
  2026-03-19 Thorbj\u00f8rn Risager & The Black Tornado Live 2026
  2026-03-20 Squeeze Tried, Tested and Trixies Tour
  2026-03-21 The Boxer Rebellion
  2026-03-22 Alice Merton
  2026-03-23 The Life and Death of Martin Luther King Schultheater in englischer Sprache
  2026-03-23 The Life and Death of Martin Luther King Schultheater in englischer Sprache
  2026-03-24 The Great Gatsby Schultheater in englischer Sprache
  2026-03-24 The Great Gatsby Schultheater in englischer Sprache
  2026-03-25 The Magic Mumble Jumble Better Days Tour 2026
  2026-03-26 The Jeremy Days Beauty in Broken Tour
  2026-03-27 DeWolff & Blues Pills Double Bill Tour 2026
  2026-03-28 Morgan Wallen Tribute UK
  2026-03-30 The Young ClassX Stadtteilkonzert West
  2026-03-31 The Young ClassX Stadtteilkonzert Mitte
  2026-04-02 Max Goldt Aber?
  2026-04-04 Kr\u00fcsch Kollektiv
  2026-04-05 Reggaeville Easter Special
  2026-04-08 Axel Rudi Pell Ghost Town Tour 2026
  2026-04-10 Boomer Party Party-Mix: 70er - 90er
  2026-04-12 Kulturtag der Julius-Leber-Stadtteilschule Mischen Impossible Together
  2026-04-13 The Aristocrats The Duck Tour 2026
  2026-04-16 Sound of Nashville pr\u00e4sentiert: Tucker Wetmore The Brunette World Tour
  2026-04-17 Bummelkasten Irgendwas Bestimmtes
  2026-04-18 Bummelkasten Irgendwas Bestimmtes
  2026-04-19 Bummelkasten Irgendwas Bestimmtes
  2026-04-20 Le Comte de Monte  Cristo Schultheater in franz\u00f6sischer Sprache
  2026-04-20 Le Comte de Monte  Cristo Schultheater in franz\u00f6sischer Sprache
  2026-04-21 Vonda Shepard European Spring Tour 2026
  2026-04-22 Franny Dougan ***ABGESAGT***
  2026-04-23 Mundstuhl Wir kommen
  2026-04-24 Matteo Mancuso Route96 Tour
  2026-04-26 Jan Plewka singt Rio Reiser
  2026-04-30 \u00dc30\/40 Tanz in den Mai Party
  2026-05-03 Les N\u00e9gresses Vertes Zobitour
  2026-05-07 Larry Fleet Another Year Older 2026 Tour
  2026-05-08 Randall King Sound of Nashville pr\u00e4sentiert: A long way from Amarillo
  2026-05-10 Safri Duo Live in Germany 2026
  2026-05-11 Jutes Far From Dilworth Tour
  2026-05-13 XZIBIT Kingmaker European Tour 2026 With Furnace Band
  2026-05-15 EA80
  2026-05-18 16 Horsepower Tour 2026
  2026-05-19 Luka Bloom The Beloved Tour 2026
  2026-05-23 Choir! Choir! Choir! We Will CHOIR! You: An EPIC Queen Sing-Along! 
  2026-05-24 Body Rhythm Festival & Friends Performance Night: Where bodies meet sound
  2026-05-29 Tower of Power 58 Years of Funk & Soul
  2026-05-31 Eule findet den Beat Das Theater-Konzert f\u00fcr Kinder
  2026-05-31 Eule findet den Beat Das Theater-Konzert f\u00fcr Kinder
  2026-06-02 Hazmat Modine
  2026-06-07 Red Leather Tahoe Tour
  2026-06-09 Bilmuri The Kinda Hard Tour 2026
  2026-06-12 NDR Vokalensemble voiceXchange#14 Hamburg & Shanty feat. mahoin RELOADED
  2026-06-13 Tuten & Blasen 50 Jahre Tuten & Blasen
  2026-06-14 Touch\u00e9 Amor\u00e9 Performing the Album Stage Four
  2026-07-25 Cody Pennington Country Show
  2026-09-17 Plewka & Schmedtje Between the Lights
  2026-09-22 Poets of the Fall
  2026-09-24 Manfred Mann\u00b4s Earth Band Live 2026
  2026-09-30 Ella Carina Werner Buchpremiere: Menopause Turbosause
  2026-10-08 Jack Savoretti We Will Always Be The Way We Were Tour 2026
  2026-10-17 Alin Coen Du bedeutest mir die Welt Tour
  2026-10-18 Joel Brandenstein Emotionen II Tour
  2026-10-24 Tiavo Hotel Tiavo Tour 2026
  2026-10-25 Kitty, Daisy & Lewis Germany Tour 2026
  2026-10-26 Carl Carlton & Melanie Wiegmann Miles of Time Tour
  2026-10-28 The Kilkennys THANK YOU FOR THE DAYS TOUR 2026
  2026-11-01 Unter meinem Bett
  2026-11-05 Joe Jackson & Band Hope and Fury Tour 2026
  2026-11-07 STOPPOK RUND-Reise - die Band-Tour 2026
  2026-11-08 Fredrik Vahle Kinderkonzert
  2026-11-08 Fredrik Vahle Kinderkonzert
  2026-11-13 The Irish Folk Festival Gold dust in your Pocket
  2026-11-15 The High Kings The Rocky Road Tour 
  2026-11-17 Rock Legends
  2026-11-19 Lina Maly
  2026-11-20 Pohlmann Beweggr\u00fcnde Tour
  2026-11-21 UK Subs Fifty Years of UK Punkrock
  2026-11-28 Le Fly Club Tour 2026
  2026-11-30 Scala & Kolacny Brothers Scala 30
  2026-12-17 Erdm\u00f6bel Weihnachtstour 2026
  2026-12-19 Inga Rumpf & Friends 80 REASONS TO ROCK
  2026-12-27 Beatles Revival Band
  2026-12-28 Corvus Corax In Ecclesia 2026
  2026-12-30 Jaya the Cat
  2027-02-13 Herzchen & Mijalee Tour 2027
  2026-06-02 1.min.js">
  2026-06-03 1' id='jquery-core-js'>
  2026-03-03 2' id='jquery-migrate-js'>
  2026-10-06 Tickets behalten ihre Gültigtkeit
  2026-08-01 plakat-290x165.jpeg" alt="TOM HENGST" \>
  2026-04-06 Tickets behalten ihre Gültigtkeit
  2026-09-06 1' media='all' />
  2026-09-06 1' media='all' />
  2026-09-06 1' media='all' />
  2026-09-06 1' media='all' />
  2026-09-06 1" />
    → Page 2: 8 bars found
  ⏳ Waiting 3s...
  📡 Fetching: Kneipen in Hamburg...
[2026-02-19 03:06:49] ✅ Bar Events fertig
[2026-02-19 03:06:49] ▶ Hamburg Sources (scrape_hamburg_sources.js)...
🔍 Scraping new Hamburg event sources...

📡 Scraping meetup.com...
   Found 3 relevant events
📡 Scraping prinz.de...
   Found 0 relevant events

✅ Total: 3 unique bar/nightlife/networking events
💾 Saved to /home/openclaw/.openclaw/workspace/barfinder/hamburg_new_events_cache.json
  • [meetup.com] 2026-02-19 6:30 PM — Language Exchange Night 🇬🇧🇩🇪🇪🇸 @ Neue Leute kennenlernen / Meet New People (social)
  • [meetup.com] 2026-03-04 6:00 PM — Rust Hack & Learn March 2026 @ Rust Meetup Hamburg (networking)
  • [meetup.com] 2026-03-10 9:30 AM — Bee for Breakfast im Beehive Hamburg City @ Beehive Networking Meetup Hamburg (networking)
[2026-02-19 03:06:55] ✅ Hamburg Sources fertig
[2026-02-19 03:06:55] ▶ Hamburg Events (scrape_hamburg_events.js)...
🎉 Hamburg Events Scraper
========================


🔍 Scraping: szene-hamburg-bars
  URL: https://www.szene-hamburg.de/thema/bar/
  Status: 200
  HTML size: 85.8 KB
  Found 7 items
  Sample: "Feiern unter freiem Himmel: 10 Open-Air-Locations in Hamburg"

🔍 Scraping: szene-hamburg-nachtleben
  URL: https://www.szene-hamburg.de/thema/nachtleben/
  Status: 200
  HTML size: 111.9 KB
  Found 19 items
  Sample: "Kultur in Hamburg: Live ist hart"

🔍 Scraping: hamburg-de-veranstaltungen
  URL: https://www.hamburg.de/veranstaltungen/
  Status: 200
  HTML size: 229.7 KB
  Found 8 items
  Sample: "Erlebnisse in der Hansestadt"

🔍 Scraping: hamburg-de-nightlife
  URL: https://www.szene-hamburg.de/thema/club/
  Status: 200
  HTML size: 112.2 KB
  Found 19 items
  Sample: "Feiern unter freiem Himmel: 10 Open-Air-Locations in Hamburg"
    → Page 1: 0 bars found

✅ Results saved to /home/openclaw/.openclaw/workspace/barfinder/hamburg_events_cache.json

📊 Summary:
  szene-hamburg-bars: 7 items ✓
  szene-hamburg-nachtleben: 19 items ✓
  hamburg-de-veranstaltungen: 8 items ✓
  hamburg-de-nightlife: 19 items ✓
[2026-02-19 03:07:05] ✅ Hamburg Events fertig
[2026-02-19 03:07:05] ▶ Events Pipeline (scrape_events_pipeline.js)...
🔄 Event Pipeline Scraper starting...
   2026-02-19T03:07:05.271Z

  ✅ Abendblatt: 100 items, 82 relevant
  ✅ Google News "hamburg+bar+after+work": 29 items
  📡 Fetching page 2: Kneipen...
  ✅ Google News "hamburg+veranstaltung+networking": 30 items
  ✅ Hamburg Tourism: 33 relevant events
  ✅ Google News "hamburg+after+work+event": 51 items
  ✅ Google News "hamburg+wine+tasting+bar": 27 items
  ✅ Meetup cache: 3 events merged

📊 Total raw: 249
📊 After dedup: 219

✅ Saved 219 events to /home/openclaw/.openclaw/workspace/barfinder/events_pipeline_cache.json
[2026-02-19 03:07:06] ✅ Events Pipeline fertig
[2026-02-19 03:07:06] ▶ Eventbrite Hamburg (scrape_eventbrite.js)...
🎫 Eventbrite Scraper starting...
   2026-02-19T03:07:07.392Z
  🔍 Scraping: afterwork → https://smry.ai/proxy?url=https%3A%2F%2Fwww.eventbrite.de%2Fd%2Fgermany--hamburg%2Fafter-work%2F
  📄 afterwork: Got 11385 chars
  ✅ afterwork: Parsed 37 events
    → Page 2: 8 bars found
  ⏳ Waiting 3s...
  📡 Fetching: Cocktail+Bars in Hamburg...
  🔍 Scraping: networking → https://smry.ai/proxy?url=https%3A%2F%2Fwww.eventbrite.de%2Fd%2Fgermany--hamburg%2Fnetworking%2F
    → Page 1: 9 bars found
  ⏳ Waiting 3s...
  📄 networking: Got 4619 chars
  ✅ networking: Parsed 34 events
  📡 Fetching: Wine+Bars in Hamburg...
  🔍 Scraping: tasting → https://smry.ai/proxy?url=https%3A%2F%2Fwww.eventbrite.de%2Fd%2Fgermany--hamburg%2Fwine-tasting%2F
    → Page 1: 8 bars found
  ⏳ Waiting 3s...
  📄 tasting: Got 4308 chars
  ✅ tasting: Parsed 38 events
  📡 Fetching: Pubs in Hamburg...
  🔍 Scraping: social → https://smry.ai/proxy?url=https%3A%2F%2Fwww.eventbrite.de%2Fd%2Fgermany--hamburg%2Fsocial%2F
    → Page 1: 7 bars found

✅ Saved 42 bars to /home/openclaw/.openclaw/workspace/barfinder/yelp_reviews_cache.json
✅ Updated legacy /home/openclaw/.openclaw/workspace/barfinder/yelp_cache.json with 42 bars

📊 Stats: 42 total, 0 with rating, 42 with review snippet
  📄 social: Got 4846 chars
  ✅ social: Parsed 38 events
  🔍 Scraping: startup → https://smry.ai/proxy?url=https%3A%2F%2Fwww.eventbrite.de%2Fd%2Fgermany--hamburg%2Fstartup%2F
  📄 startup: Got 4667 chars
  ✅ startup: Parsed 28 events

🎫 Eventbrite: 81 events saved to /home/openclaw/.openclaw/workspace/barfinder/eventbrite_events_cache.json
[2026-02-19 03:08:22] ✅ Eventbrite Hamburg fertig
[2026-02-19 03:08:22] ▶ Ecosystem Events (scrape_ecosystem_events.js)...
🔍 Scraping Hamburg ecosystem events...

nextMedia.Hamburg: 7 events
ARIC Hamburg: 29 events
Kreativ Gesellschaft: 8 events

✅ Total unique future events: 38

💾 Saved to /home/openclaw/.openclaw/workspace/barfinder/ecosystem_events_cache.json
  📅 2026-02-19 | techtalk     | ARIC Brown Bag Session: Wie KI die Softwareentwicklung verän [aric]
  📅 2026-02-19 | startup      | ARIC-Tipp | Digitale Info-Session: Scaleup Hamburg 2026 [aric]
  📅 2026-02-20 | startup      | build fridays - work on your startup alongside other founder [nextmedia]
  📅 2026-02-24 | meetup       | ARIC-Tipp | Förderfrühstück Green Industry and Circular Econ [aric]
  📅 2026-02-24 | meetup       | AI Mix & Mingle in February| KI-Stammtisch im Februar [aric]
  📅 2026-02-25 | startup      | ARIC-Tipp | Innovation Days at ZAL TechCenter [aric]
  📅 2026-02-26 | meetup       | ARIC-Tipp | AIM Leaders Meet-up [aric]
  📅 2026-02-26 | techtalk     | ARIC Brown Bag Session: KI-Agenten – Überblick, Chancen & Ri [aric]
  📅 2026-02-26 | startup      | Öffentliche Finanzierung: Von der Strategie zur erfolgreiche [aric]
  📅 2026-02-26 | networking   | Fragestunde - kompakte Beratung für Kreative [kreativgesellschaft]
  📅 2026-03-03 | networking   | Audiencers' Festival [nextmedia]
  📅 2026-03-03 | techtalk     | ARIC Brown Bag Session: AI & Digital Methods for Smart Mobil [aric]
  📅 2026-03-05 | meetup       | ARIC Brown Bag Session: Innovationsland Deutschland [aric]
  📅 2026-03-05 | networking   | Fragestunde - kompakte Beratung für Kreative (online) [kreativgesellschaft]
  📅 2026-03-07 | networking   | ARIC-Tipp | AgentCamp – Hamburg [aric]
  📅 2026-03-10 | techtalk     | ARIC Brown Bag Session: Souveränität: Vom Buzzword zur Daten [aric]
  📅 2026-03-12 | techtalk     | ARIC Brown Bag Session:  AI Adoption Best Practices for KMU/ [aric]
  📅 2026-03-18 | techtalk     | Zeitlos ungerecht | Präsenz-Vortrag von Teresa Bücker [nextmedia]
  📅 2026-03-19 | meetup       | ARIC Brown Bag Session: Nachhaltig wirtschaften mit KI [aric]
  📅 2026-03-26 | networking   | Festival [nextmedia]
  📅 2026-03-26 | meetup       | ARIC Brown Bag Session: Hire or Fire: Wer bleibt in der KI-Ä [aric]
  📅 2026-03-30 | networking   | Perfektion war gestern. Stärken stärken ist heute! [nextmedia]
  📅 2026-04-14 | techtalk     | ARIC Brown Bag: Balancing edge autonomy and cloud intelligen [aric]
  📅 2026-04-18 | meetup       | Hackathon für Frauen [aric]
  📅 2026-04-18 | meetup       | WoHa! | Women's Hackathon 2026 [aric]
  📅 2026-04-28 | meetup       | AI Mix & Mingle in April| KI-Stammtisch im April [aric]
  📅 2026-05-19 | meetup       | AI Mix & Mingle Women's Edition [aric]
  📅 2026-05-26 | meetup       | AI Mix & Mingle in May| KI-Stammtisch im Mai [aric]
  📅 2026-06-18 | pitch        | ARIC-Tipp | Transfer Workshop: ErUM-Scientists & Industry in [aric]
  📅 2026-06-22 | meetup       | ARIC-Tipp | ISC High Performance 2026 [aric]
  📅 2026-06-22 | networking   | FAZ Konferenz für Künstliche Intelligenz [aric]
  📅 2026-06-26 | networking   | Portside Game Assembly 2026 [kreativgesellschaft]
  📅 2026-06-30 | meetup       | AI Mix & Mingle in June| KI-Stammtisch im Juni [aric]
  📅 2026-09-08 | networking   | KI-Summit 2026 [aric]
  📅 2026-09-09 | networking   | scoopcamp [nextmedia]
  📅 2026-09-29 | meetup       | AI Mix & Mingle in September| KI-Stammtisch im September [aric]
  📅 2026-11-12 | networking   | AI Media Leaders [nextmedia]
  📅 2026-11-24 | meetup       | AI Mix & Mingle in November| KI-Stammtisch im November [aric]
[2026-02-19 03:08:25] ✅ Ecosystem Events fertig
[2026-02-19 03:08:25] ▶ Yelp Reviews (scrape_yelp_reviews.js)...
🍻 Yelp Reviews Scraper starting...

  📡 Fetching: Bars in Hamburg...
    → Page 1: 9 bars found
  📡 Fetching page 2: Bars...
    → Page 2: 8 bars found
  ⏳ Waiting 3s...
  📡 Fetching: Kneipen in Hamburg...
    → Page 1: 0 bars found
  📡 Fetching page 2: Kneipen...
    → Page 2: 8 bars found
  ⏳ Waiting 3s...
  📡 Fetching: Cocktail+Bars in Hamburg...
    → Page 1: 9 bars found
  ⏳ Waiting 3s...
  📡 Fetching: Wine+Bars in Hamburg...
    → Page 1: 8 bars found
  ⏳ Waiting 3s...
  📡 Fetching: Pubs in Hamburg...
    → Page 1: 7 bars found

✅ Saved 42 bars to /home/openclaw/.openclaw/workspace/barfinder/yelp_reviews_cache.json
✅ Updated legacy /home/openclaw/.openclaw/workspace/barfinder/yelp_cache.json with 42 bars

📊 Stats: 42 total, 0 with rating, 42 with review snippet
